<?xml version="1.0" encoding="UTF-8"?>
<!-- Generated by org.testng.reporters.JUnitReportReporter -->
<testsuite skipped="0" hostname="L005896" name="com.crm.qa.testcases.TestSerachProduct3" tests="2" failures="0" timestamp="29 Jan 2021 11:40:46 GMT" time="16.850" errors="0">
  <testcase name="testAddProductToWishList" time="8.314" classname="com.crm.qa.testcases.TestSerachProduct3"/>
  <testcase name="testAddProductToWishList1" time="8.536" classname="com.crm.qa.testcases.TestSerachProduct3"/>
</testsuite> <!-- com.crm.qa.testcases.TestSerachProduct3 -->
