<?xml version="1.0" encoding="UTF-8"?>
<!-- Generated by org.testng.reporters.JUnitReportReporter -->
<testsuite skipped="0" hostname="L005896" name="com.crm.qa.testcases.TestCreateAccount" tests="1" failures="0" timestamp="07 Feb 2021 10:21:27 GMT" time="47.205" errors="0">
  <testcase name="testCreateAccountContact" time="47.205" classname="com.crm.qa.testcases.TestCreateAccount"/>
</testsuite> <!-- com.crm.qa.testcases.TestCreateAccount -->
